<?xml version="1.0" encoding="UTF-8"?>
<testng-results skipped="0" failed="0" total="2" passed="2">
  <reporter-output>
  </reporter-output>
  <suite name="com.ardublock.MainTest" duration-ms="17" started-at="2018-09-28T21:03:17Z" finished-at="2018-09-28T21:03:17Z">
    <groups>
    </groups>
    <test name="Command line test" duration-ms="17" started-at="2018-09-28T21:03:17Z" finished-at="2018-09-28T21:03:17Z">
      <class name="com.ardublock.MainTest">
        <test-method status="PASS" signature="setUp()[pri:0, instance:com.ardublock.MainTest@511baa65]" name="setUp" is-config="true" duration-ms="9" started-at="2018-09-28T21:03:17Z" finished-at="2018-09-28T21:03:17Z">
        </test-method>
        <test-method status="PASS" signature="testFiles()[pri:0, instance:com.ardublock.MainTest@511baa65]" name="testFiles" duration-ms="1" started-at="2018-09-28T21:03:17Z" finished-at="2018-09-28T21:03:17Z">
        </test-method>
        <test-method status="PASS" signature="testSingleLoop()[pri:0, instance:com.ardublock.MainTest@511baa65]" name="testSingleLoop" duration-ms="0" started-at="2018-09-28T21:03:17Z" finished-at="2018-09-28T21:03:17Z">
        </test-method>
      </class>
    </test>
  </suite>
</testng-results>
